drwxr-xr-x. 92 root root    12288 Sep 24 21:27 .
dr-xr-xr-x. 18 root root     4096 Sep 24 21:14 ..
-rw-r--r--.  1 root root       16 Aug 28 00:19 adjtime
-rw-r--r--.  1 root root     1529 Apr  7 02:31 aliases
drwxr-xr-x.  2 root root     4096 Aug 31 00:12 alternatives
-rw-r--r--.  1 root root      541 Nov  8  2019 anacrontab
-rw-r--r--.  1 root root        1 May 11  2019 at.deny
drwxr-x---.  4 root root     4096 Aug 28 00:22 audit
drwxr-xr-x.  3 root root     4096 Aug 28 00:18 authselect
-rw-r--r--.  1 root root    15146 Apr 24 06:15 autofs.conf
-rw-------.  1 root root      232 Apr 24 06:15 autofs_ldap_auth.conf
-rw-r--r--.  1 root root     1040 Apr 24 06:15 auto.master
drwxr-xr-x.  2 root root     4096 Apr 24 06:15 auto.master.d
-rw-r--r--.  1 root root      524 Apr 24 06:15 auto.misc
-rwxr-xr-x.  1 root root      902 Apr 24 06:15 auto.net
-rwxr-xr-x.  1 root root     2191 Apr 24 06:15 auto.smb
drwxr-xr-x.  4 root root     4096 Aug 28 00:14 avahi
drwxr-xr-x.  2 root root     4096 Aug 28 00:14 bash_completion.d
-rw-r--r--.  1 root root     3019 Apr  7 02:31 bashrc
-rw-r--r--.  1 root root      429 Nov  8  2019 bindresvport.blacklist
drwxr-xr-x.  2 root root     4096 Apr 24 06:53 binfmt.d
-rw-r--r--.  1 root root       38 Jun  3 04:02 centos-release
-rw-r--r--.  1 root root       51 Jun  3 04:02 centos-release-upstream
drwxr-xr-x.  2 root root     4096 May 11  2019 chkconfig.d
-rw-r--r--.  1 root root     1085 May 10  2019 chrony.conf
-rw-r-----.  1 root chrony    540 May 10  2019 chrony.keys
drwxr-xr-x.  2 root root     4096 Aug 28 00:14 cifs-utils
drwxr-xr-x.  4 root root     4096 Aug 28 00:14 cockpit
drwxr-xr-x.  2 root root     4096 Aug 28 00:14 cron.d
drwxr-xr-x.  2 root root     4096 Aug 28 00:14 cron.daily
-rw-r--r--.  1 root root        0 Nov  8  2019 cron.deny
drwxr-xr-x.  2 root root     4096 Aug 28 00:13 cron.hourly
drwxr-xr-x.  2 root root     4096 May 11  2019 cron.monthly
-rw-r--r--.  1 root root      451 May 11  2019 crontab
drwxr-xr-x.  2 root root     4096 May 11  2019 cron.weekly
drwxr-xr-x.  6 root root     4096 Aug 28 00:13 crypto-policies
-rw-------.  1 root root        0 Aug 28 00:12 crypttab
-rw-r--r--.  1 root root     1629 Apr  7 02:31 csh.cshrc
-rw-r--r--.  1 root root     1078 Apr  7 02:31 csh.login
drwxr-xr-x.  4 root root     4096 Aug 28 00:13 dbus-1
drwxr-xr-x.  2 root root     4096 Aug 28 00:19 default
drwxr-xr-x.  2 root root     4096 Aug 28 00:14 depmod.d
drwxr-x---.  3 root root     4096 Aug 28 00:14 dhcp
-rw-r--r--.  1 root root     4536 Apr  9 21:51 DIR_COLORS
-rw-r--r--.  1 root root     5214 Apr  9 21:51 DIR_COLORS.256color
-rw-r--r--.  1 root root     4618 Apr  9 21:51 DIR_COLORS.lightbgcolor
drwxr-xr-x.  8 root root     4096 Aug 28 00:12 dnf
-rw-r--r--.  1 root root      117 Apr 24 06:24 dracut.conf
drwxr-xr-x.  2 root root     4096 Apr 24 06:24 dracut.conf.d
-rw-r--r--.  1 root root      508 May 14  2019 elinks.conf
-rw-r--r--.  1 root root        0 Apr  7 02:31 environment
-rw-r--r--.  1 root root     1362 Sep 10  2018 ethertypes
-rw-r--r--.  1 root root        0 Sep 10  2018 exports
drwxr-xr-x.  2 root root     4096 Apr 24 06:42 exports.d
drwxr-xr-x.  2 root root     4096 Aug 28 00:14 fcoe
-rw-r--r--.  1 root root       66 Sep 10  2018 filesystems
drwxr-x---.  7 root root     4096 Aug 28 00:14 firewalld
-rw-r--r--.  1 root root      655 Aug 28 00:12 fstab
drwxr-xr-x.  2 root root     4096 Aug 28 00:12 gcrypt
drwxr-xr-x.  2 root root     4096 May 11  2019 gnupg
-rw-r--r--.  1 root root       94 May 11  2019 GREP_COLORS
drwxr-xr-x.  4 root root     4096 Aug 28 00:12 groff
-rw-r--r--.  1 root root      689 Aug 29 00:47 group
-rw-r--r--.  1 root root      686 Aug 29 00:47 group-
drwx------.  2 root root     4096 Aug 28 00:18 grub.d
----------.  1 root root      546 Aug 29 00:47 gshadow
----------.  1 root root      543 Aug 29 00:47 gshadow-
drwxr-xr-x.  3 root root     4096 Aug 28 00:13 gss
drwxr-xr-x.  2 root root     4096 Aug 28 00:14 gssproxy
-rw-r--r--.  1 root root        9 Sep 10  2018 host.conf
-rw-r--r--.  1 root root       22 Aug 28 00:19 hostname
-rw-r--r--.  1 root root      158 Sep 10  2018 hosts
-rw-r--r--.  1 root root     4849 Apr 24 06:42 idmapd.conf
-rw-r--r--.  1 root root      490 Apr 24 06:53 inittab
-rw-r--r--.  1 root root      942 Sep 10  2018 inputrc
drwxr-xr-x.  2 root root     4096 Aug 28 00:13 iproute2
drwxr-xr-x.  2 root root     4096 Aug 28 00:14 iscsi
-rw-r--r--.  1 root root       23 Jun  3 04:02 issue
drwxr-xr-x.  2 root root     4096 Aug 28 00:14 issue.d
-rw-r--r--.  1 root root       22 Jun  3 04:02 issue.net
-rw-r--r--.  1 root root     7916 Aug 28 00:14 kdump.conf
drwxr-xr-x.  4 root root     4096 Aug 28 00:14 kernel
-rw-r--r--.  1 root root      812 Apr 24 16:35 krb5.conf
drwxr-xr-x.  2 root root     4096 Aug 28 00:14 krb5.conf.d
-rw-r--r--.  1 root root    24655 Sep 24 21:27 ld.so.cache
-rw-r--r--.  1 root root       28 May  1 19:49 ld.so.conf
drwxr-xr-x.  2 root root     4096 Aug 28 00:14 ld.so.conf.d
-rw-r-----.  1 root root      191 Nov  4  2019 libaudit.conf
drwxr-xr-x.  2 root root     4096 Aug 28 00:12 libnl
drwxr-xr-x.  6 root root     4096 Aug 28 00:12 libreport
drwxr-xr-x.  2 root root     4096 Aug 28 00:13 libssh
-rw-r--r--.  1 root root     2391 Jul 23  2015 libuser.conf
-rw-r--r--.  1 root root       19 Aug 28 00:19 locale.conf
-rw-r--r--.  1 root root     2027 Nov  8  2019 login.defs
-rw-r--r--.  1 root root      438 Feb 19  2018 logrotate.conf
drwxr-xr-x.  2 root root     4096 Aug 28 00:14 logrotate.d
drwxr-xr-x.  3 root root     4096 Aug 28 00:13 lsm
drwxr-xr-x.  6 root root     4096 Aug 28 00:14 lvm
-r--r--r--.  1 root root       33 Aug 28 00:13 machine-id
-rw-r--r--.  1 root root      111 Apr  7 03:15 magic
-rw-r--r--.  1 root root      272 May 11  2017 mailcap
-rw-r--r--.  1 root root     5122 Apr 24 20:07 makedumpfile.conf.sample
-rw-r--r--.  1 root root     5165 May 11  2019 man_db.conf
drwxr-xr-x.  2 root root     4096 Aug 31 00:09 mc
drwxr-xr-x.  3 root root     4096 Aug 28 00:14 mcelog
drwxr-xr-x.  3 root root     4096 Aug 28 00:14 microcode_ctl
-rw-r--r--.  1 root root    60352 May 11  2017 mime.types
-rw-r--r--.  1 root root     1108 Apr 24 05:07 mke2fs.conf
drwxr-xr-x.  2 root root     4096 Aug 28 00:14 modprobe.d
drwxr-xr-x.  2 root root     4096 Apr 24 06:53 modules-load.d
-rw-r--r--.  1 root root        0 Sep 10  2018 motd
drwxr-xr-x.  2 root root     4096 Aug 28 00:14 motd.d
drwxr-xr-x.  2 root root     4096 Apr  7 06:16 multipath
-rw-r--r--.  1 root root     9450 May 11  2019 nanorc
-rw-r--r--.  1 root root      767 Nov  8  2019 netconfig
drwxr-xr-x.  7 root root     4096 Aug 28 00:13 NetworkManager
-rw-r--r--.  1 root root       58 Sep 10  2018 networks
-rw-r--r--.  1 root root     1042 Apr 24 06:42 nfs.conf
-rw-r--r--.  1 root root     3606 Apr 24 06:42 nfsmount.conf
drwx------.  3 root root     4096 Aug 28 00:12 nftables
-rw-r--r--.  1 root root     2215 Aug 28 00:13 nsswitch.conf
-rw-r--r--.  1 root root     2197 May  1 19:50 nsswitch.conf.bak
drwxr-xr-x.  4 root root     4096 Aug 28 00:14 openldap
drwxr-xr-x.  2 root root     4096 May 11  2019 opt
drwxr-xr-x.  2 root root     4096 Aug 28 00:14 pam.d
-rw-r--r--.  1 root root     1670 Aug 29 00:47 passwd
-rw-r--r--.  1 root root     1635 Aug 28 00:19 passwd-
drwxr-xr-x.  3 root root     4096 Aug 28 00:12 pkcs11
drwxr-xr-x.  6 root root     4096 Aug 28 00:13 pki
drwxr-xr-x.  5 root root     4096 Aug 28 00:12 pm
drwxr-xr-x.  5 root root     4096 Aug 28 00:13 polkit-1
drwxr-xr-x.  2 root root     4096 May 11  2019 popt.d
drwxr-xr-x.  2 root root     4096 Aug 28 00:13 prelink.conf.d
-rw-r--r--.  1 root root      233 Sep 10  2018 printcap
-rw-r--r--.  1 root root     2123 Apr  7 02:31 profile
drwxr-xr-x.  2 root root     4096 Aug 31 00:09 profile.d
-rw-r--r--.  1 root root     6568 Sep 10  2018 protocols
-rw-------.  1 root root        0 Aug 28 00:13 .pwd.lock
drwxr-xr-x.  3 root root     4096 Aug 28 00:14 ras
drwxr-xr-x. 10 root root     4096 Apr  7 06:02 rc.d
-rw-r--r--.  1 root root     1787 May 11  2019 request-key.conf
drwxr-xr-x.  2 root root     4096 Aug 28 00:14 request-key.d
-rw-r--r--.  1 root root       53 Sep 24 21:09 resolv.conf
drwxr-xr-x.  3 root root     4096 Aug 28 00:14 rhsm
-rw-r--r--.  1 root root     1634 Aug  1  2018 rpc
drwxr-xr-x.  2 root root     4096 Apr 24 06:17 rpm
drwxr-xr-x.  2 root root     4096 Aug 28 00:14 rwtab.d
drwxr-xr-x.  2 root root     4096 Aug 28 00:14 samba
drwxr-xr-x.  2 root root     4096 Nov  8  2019 sasl2
drwxr-xr-x.  7 root root     4096 Aug 28 00:13 security
drwxr-xr-x.  3 root root     4096 Aug 28 00:13 selinux
-rw-r--r--.  1 root root   692252 Apr  7 02:31 services
-rw-r--r--.  1 root root      216 Apr 24 05:05 sestatus.conf
----------.  1 root root      987 Aug 29 00:47 shadow
----------.  1 root root      962 Aug 28 00:19 shadow-
-rw-r--r--.  1 root root       90 Aug 28 00:14 shells
drwxr-xr-x.  2 root root     4096 Aug 28 00:14 skel
drwxr-xr-x.  3 root root     4096 Aug 28 00:14 smartmontools
-rw-r--r--.  1 root root      138 Apr 26 05:03 sos.conf
drwxr-xr-x.  3 root root     4096 Aug 28 00:22 ssh
drwxr-xr-x.  2 root root     4096 Aug 28 00:13 ssl
drwx------.  4 sssd sssd     4096 Aug 28 00:14 sssd
-rw-r--r--.  1 root root       34 Aug 29 00:47 subgid
-rw-r--r--.  1 root root       18 Aug 28 00:19 subgid-
-rw-r--r--.  1 root root       34 Aug 29 00:47 subuid
-rw-r--r--.  1 root root       18 Aug 28 00:19 subuid-
-rw-r-----.  1 root root     1786 Apr 24 05:23 sudo.conf
-r--r-----.  1 root root     4328 Apr 24 05:23 sudoers
drwxr-x---.  2 root root     4096 Apr 24 05:40 sudoers.d
-rw-r-----.  1 root root     3181 Apr 24 05:23 sudo-ldap.conf
drwxr-xr-x.  5 root root     4096 Aug 31 00:28 sysconfig
-rw-r--r--.  1 root root      449 Apr 24 06:53 sysctl.conf
drwxr-xr-x.  2 root root     4096 Aug 28 00:13 sysctl.d
drwxr-xr-x.  4 root root     4096 Aug 28 00:13 systemd
-rw-r--r--.  1 root root       23 Jun  3 04:02 system-release-cpe
-rw-------.  1 tss  tss      7046 Dec 13  2019 tcsd.conf
drwxr-xr-x.  2 root root     4096 May 11  2019 terminfo
drwxr-xr-x.  2 root root     4096 Apr 24 06:53 tmpfiles.d
drwxr-xr-x.  3 root root     4096 Aug 28 00:14 tuned
drwxr-xr-x.  4 root root     4096 Aug 28 00:22 udev
-rw-r--r--.  1 root root      208 Aug 28 00:12 .updated
-rw-r--r--.  1 root root      587 May 11  2019 updatedb.conf
-rw-r--r--.  1 root root     1523 May 11  2019 usb_modeswitch.conf
-rw-r--r--.  1 root root       46 Aug 31 00:39 vconsole.conf
-rw-r--r--.  1 root root     1204 Nov 11  2019 virc
drwxr-xr-x.  6 root root     4096 Aug 28 00:13 X11
-rw-r--r--.  1 root root      642 Dec  9  2016 xattr.conf
drwxr-xr-x.  4 root root     4096 Aug 28 00:13 xdg
drwxr-xr-x.  2 root root     4096 May 11  2019 xinetd.d
drwxr-xr-x.  2 root root     4096 Aug 28 00:14 yum
drwxr-xr-x.  2 root root     4096 Aug 28 00:12 yum.repos.d
-rw-r--r--.  1 root root      252 Mar 20  2020 zlogin
-rw-r--r--.  1 root root       86 Mar 20  2020 zlogout
-rw-r--r--.  1 root root      375 Mar 20  2020 zprofile
-rw-r--r--.  1 root root      510 Mar 20  2020 zshenv
-rw-r--r--.  1 root root     1135 Mar 20  2020 zshrc
UnDirect;
drwxr-xr-x. 92 root root    12288 Sep 24 21:27 .
dr-xr-xr-x. 18 root root     4096 Sep 24 21:14 ..
drwxr-xr-x.  2 root root     4096 Aug 31 00:12 alternatives
drwxr-x---.  4 root root     4096 Aug 28 00:22 audit
drwxr-xr-x.  3 root root     4096 Aug 28 00:18 authselect
drwxr-xr-x.  2 root root     4096 Apr 24 06:15 auto.master.d
drwxr-xr-x.  4 root root     4096 Aug 28 00:14 avahi
drwxr-xr-x.  2 root root     4096 Aug 28 00:14 bash_completion.d
drwxr-xr-x.  2 root root     4096 Apr 24 06:53 binfmt.d
drwxr-xr-x.  2 root root     4096 May 11  2019 chkconfig.d
drwxr-xr-x.  2 root root     4096 Aug 28 00:14 cifs-utils
drwxr-xr-x.  4 root root     4096 Aug 28 00:14 cockpit
drwxr-xr-x.  2 root root     4096 Aug 28 00:14 cron.d
drwxr-xr-x.  2 root root     4096 Aug 28 00:14 cron.daily
drwxr-xr-x.  2 root root     4096 Aug 28 00:13 cron.hourly
drwxr-xr-x.  2 root root     4096 May 11  2019 cron.monthly
drwxr-xr-x.  2 root root     4096 May 11  2019 cron.weekly
drwxr-xr-x.  6 root root     4096 Aug 28 00:13 crypto-policies
drwxr-xr-x.  4 root root     4096 Aug 28 00:13 dbus-1
drwxr-xr-x.  2 root root     4096 Aug 28 00:19 default
drwxr-xr-x.  2 root root     4096 Aug 28 00:14 depmod.d
drwxr-x---.  3 root root     4096 Aug 28 00:14 dhcp
drwxr-xr-x.  8 root root     4096 Aug 28 00:12 dnf
drwxr-xr-x.  2 root root     4096 Apr 24 06:24 dracut.conf.d
drwxr-xr-x.  2 root root     4096 Apr 24 06:42 exports.d
drwxr-xr-x.  2 root root     4096 Aug 28 00:14 fcoe
drwxr-x---.  7 root root     4096 Aug 28 00:14 firewalld
drwxr-xr-x.  2 root root     4096 Aug 28 00:12 gcrypt
drwxr-xr-x.  2 root root     4096 May 11  2019 gnupg
drwxr-xr-x.  4 root root     4096 Aug 28 00:12 groff
drwx------.  2 root root     4096 Aug 28 00:18 grub.d
drwxr-xr-x.  3 root root     4096 Aug 28 00:13 gss
drwxr-xr-x.  2 root root     4096 Aug 28 00:14 gssproxy
drwxr-xr-x.  2 root root     4096 Aug 28 00:13 iproute2
drwxr-xr-x.  2 root root     4096 Aug 28 00:14 iscsi
drwxr-xr-x.  2 root root     4096 Aug 28 00:14 issue.d
drwxr-xr-x.  4 root root     4096 Aug 28 00:14 kernel
drwxr-xr-x.  2 root root     4096 Aug 28 00:14 krb5.conf.d
drwxr-xr-x.  2 root root     4096 Aug 28 00:14 ld.so.conf.d
drwxr-xr-x.  2 root root     4096 Aug 28 00:12 libnl
drwxr-xr-x.  6 root root     4096 Aug 28 00:12 libreport
drwxr-xr-x.  2 root root     4096 Aug 28 00:13 libssh
drwxr-xr-x.  2 root root     4096 Aug 28 00:14 logrotate.d
drwxr-xr-x.  3 root root     4096 Aug 28 00:13 lsm
drwxr-xr-x.  6 root root     4096 Aug 28 00:14 lvm
drwxr-xr-x.  2 root root     4096 Aug 31 00:09 mc
drwxr-xr-x.  3 root root     4096 Aug 28 00:14 mcelog
drwxr-xr-x.  3 root root     4096 Aug 28 00:14 microcode_ctl
drwxr-xr-x.  2 root root     4096 Aug 28 00:14 modprobe.d
drwxr-xr-x.  2 root root     4096 Apr 24 06:53 modules-load.d
drwxr-xr-x.  2 root root     4096 Aug 28 00:14 motd.d
drwxr-xr-x.  2 root root     4096 Apr  7 06:16 multipath
drwxr-xr-x.  7 root root     4096 Aug 28 00:13 NetworkManager
drwx------.  3 root root     4096 Aug 28 00:12 nftables
drwxr-xr-x.  4 root root     4096 Aug 28 00:14 openldap
drwxr-xr-x.  2 root root     4096 May 11  2019 opt
drwxr-xr-x.  2 root root     4096 Aug 28 00:14 pam.d
drwxr-xr-x.  3 root root     4096 Aug 28 00:12 pkcs11
drwxr-xr-x.  6 root root     4096 Aug 28 00:13 pki
drwxr-xr-x.  5 root root     4096 Aug 28 00:12 pm
drwxr-xr-x.  5 root root     4096 Aug 28 00:13 polkit-1
drwxr-xr-x.  2 root root     4096 May 11  2019 popt.d
drwxr-xr-x.  2 root root     4096 Aug 28 00:13 prelink.conf.d
drwxr-xr-x.  2 root root     4096 Aug 31 00:09 profile.d
drwxr-xr-x.  3 root root     4096 Aug 28 00:14 ras
drwxr-xr-x. 10 root root     4096 Apr  7 06:02 rc.d
drwxr-xr-x.  2 root root     4096 Aug 28 00:14 request-key.d
drwxr-xr-x.  3 root root     4096 Aug 28 00:14 rhsm
drwxr-xr-x.  2 root root     4096 Apr 24 06:17 rpm
drwxr-xr-x.  2 root root     4096 Aug 28 00:14 rwtab.d
drwxr-xr-x.  2 root root     4096 Aug 28 00:14 samba
drwxr-xr-x.  2 root root     4096 Nov  8  2019 sasl2
drwxr-xr-x.  7 root root     4096 Aug 28 00:13 security
drwxr-xr-x.  3 root root     4096 Aug 28 00:13 selinux
drwxr-xr-x.  2 root root     4096 Aug 28 00:14 skel
drwxr-xr-x.  3 root root     4096 Aug 28 00:14 smartmontools
drwxr-xr-x.  3 root root     4096 Aug 28 00:22 ssh
drwxr-xr-x.  2 root root     4096 Aug 28 00:13 ssl
drwx------.  4 sssd sssd     4096 Aug 28 00:14 sssd
drwxr-x---.  2 root root     4096 Apr 24 05:40 sudoers.d
drwxr-xr-x.  5 root root     4096 Aug 31 00:28 sysconfig
drwxr-xr-x.  2 root root     4096 Aug 28 00:13 sysctl.d
drwxr-xr-x.  4 root root     4096 Aug 28 00:13 systemd
drwxr-xr-x.  2 root root     4096 May 11  2019 terminfo
drwxr-xr-x.  2 root root     4096 Apr 24 06:53 tmpfiles.d
drwxr-xr-x.  3 root root     4096 Aug 28 00:14 tuned
drwxr-xr-x.  4 root root     4096 Aug 28 00:22 udev
drwxr-xr-x.  6 root root     4096 Aug 28 00:13 X11
drwxr-xr-x.  4 root root     4096 Aug 28 00:13 xdg
drwxr-xr-x.  2 root root     4096 May 11  2019 xinetd.d
drwxr-xr-x.  2 root root     4096 Aug 28 00:14 yum
drwxr-xr-x.  2 root root     4096 Aug 28 00:12 yum.repos.d
Quantity;
92
Hidden Files;
./.bash_logout
./.tcshrc
./.bashrc
./.bash_history
./.bash_profile
./.cshrc
Quantity;
6
